2023-05-29T11:24:17.956Z [Modules] Modules initializing
2023-05-29T11:24:17.957Z [Modules] Distribution: remote
2023-05-29T11:24:17.957Z [Modules] Host updates: enabled
2023-05-29T11:24:17.957Z [Modules] Module updates: enabled
2023-05-29T11:24:17.957Z [Modules] Module install path: /home/me/.config/discord/0.0.27/modules
2023-05-29T11:24:17.957Z [Modules] Module installed file path: /home/me/.config/discord/0.0.27/modules/installed.json
2023-05-29T11:24:17.957Z [Modules] Module download path: /home/me/.config/discord/0.0.27/modules/pending
2023-05-29T11:24:18.115Z [Modules] Bootstrapping...
2023-05-29T11:24:18.115Z [Modules] Installing discord_desktop_core@0 from /opt/discord/resources/bootstrap/discord_desktop_core.zip
2023-05-29T11:24:18.117Z [Modules] Failed installing discord_desktop_core@0: Error: ENOENT: no such file or directory, open '/opt/discord/resources/bootstrap/discord_desktop_core.zip'
2023-05-29T11:24:18.117Z [Modules] Installing discord_erlpack@0 from /opt/discord/resources/bootstrap/discord_erlpack.zip
2023-05-29T11:24:18.119Z [Modules] Failed installing discord_erlpack@0: Error: ENOENT: no such file or directory, open '/opt/discord/resources/bootstrap/discord_erlpack.zip'
2023-05-29T11:24:18.119Z [Modules] Installing discord_spellcheck@0 from /opt/discord/resources/bootstrap/discord_spellcheck.zip
2023-05-29T11:24:18.121Z [Modules] Failed installing discord_spellcheck@0: Error: ENOENT: no such file or directory, open '/opt/discord/resources/bootstrap/discord_spellcheck.zip'
2023-05-29T11:24:18.121Z [Modules] Installing discord_utils@0 from /opt/discord/resources/bootstrap/discord_utils.zip
2023-05-29T11:24:18.122Z [Modules] Failed installing discord_utils@0: Error: ENOENT: no such file or directory, open '/opt/discord/resources/bootstrap/discord_utils.zip'
2023-05-29T11:24:18.122Z [Modules] Installing discord_voice@0 from /opt/discord/resources/bootstrap/discord_voice.zip
2023-05-29T11:24:18.122Z [Modules] Failed installing discord_voice@0: Error: ENOENT: no such file or directory, open '/opt/discord/resources/bootstrap/discord_voice.zip'
2023-05-29T11:24:18.122Z [Modules] Finished module installations. [success: 0] [failure: 5]
2023-05-29T11:24:18.123Z [Modules] Checking for host updates.
2023-05-29T11:24:18.373Z [Modules] Host is up to date.
2023-05-29T11:24:18.373Z [Modules] Checking for module updates at https://discord.com/api/modules/stable/versions.json
2023-05-29T11:24:18.449Z [Modules] Module update available: discord_desktop_core@1 [installed: 0]
2023-05-29T11:24:18.449Z [Modules] Module update available: discord_erlpack@1 [installed: 0]
2023-05-29T11:24:18.450Z [Modules] Module update available: discord_spellcheck@1 [installed: 0]
2023-05-29T11:24:18.450Z [Modules] Module update available: discord_utils@1 [installed: 0]
2023-05-29T11:24:18.450Z [Modules] Module update available: discord_voice@1 [installed: 0]
2023-05-29T11:24:18.450Z [Modules] Fetching discord_desktop_core@1 from https://discord.com/api/modules/stable/discord_desktop_core/1
2023-05-29T11:24:18.450Z [Modules] Streaming discord_desktop_core@1 to /home/me/.config/discord/0.0.27/modules/pending/discord_desktop_core-1.zip
2023-05-29T11:24:18.647Z [Modules] Streaming discord_desktop_core@1 to /home/me/.config/discord/0.0.27/modules/pending/discord_desktop_core-1.zip: 2%
2023-05-29T11:24:18.666Z [Modules] Streaming discord_desktop_core@1 to /home/me/.config/discord/0.0.27/modules/pending/discord_desktop_core-1.zip: 3%
2023-05-29T11:24:18.668Z [Modules] Streaming discord_desktop_core@1 to /home/me/.config/discord/0.0.27/modules/pending/discord_desktop_core-1.zip: 5%
2023-05-29T11:24:18.674Z [Modules] Streaming discord_desktop_core@1 to /home/me/.config/discord/0.0.27/modules/pending/discord_desktop_core-1.zip: 6%
2023-05-29T11:24:18.684Z [Modules] Streaming discord_desktop_core@1 to /home/me/.config/discord/0.0.27/modules/pending/discord_desktop_core-1.zip: 8%
2023-05-29T11:24:18.686Z [Modules] Streaming discord_desktop_core@1 to /home/me/.config/discord/0.0.27/modules/pending/discord_desktop_core-1.zip: 9%
2023-05-29T11:24:18.695Z [Modules] Streaming discord_desktop_core@1 to /home/me/.config/discord/0.0.27/modules/pending/discord_desktop_core-1.zip: 12%
2023-05-29T11:24:18.698Z [Modules] Streaming discord_desktop_core@1 to /home/me/.config/discord/0.0.27/modules/pending/discord_desktop_core-1.zip: 14%
2023-05-29T11:24:18.711Z [Modules] Streaming discord_desktop_core@1 to /home/me/.config/discord/0.0.27/modules/pending/discord_desktop_core-1.zip: 19%
2023-05-29T11:24:18.720Z [Modules] Streaming discord_desktop_core@1 to /home/me/.config/discord/0.0.27/modules/pending/discord_desktop_core-1.zip: 22%
2023-05-29T11:24:18.722Z [Modules] Streaming discord_desktop_core@1 to /home/me/.config/discord/0.0.27/modules/pending/discord_desktop_core-1.zip: 25%
2023-05-29T11:24:18.725Z [Modules] Streaming discord_desktop_core@1 to /home/me/.config/discord/0.0.27/modules/pending/discord_desktop_core-1.zip: 27%
2023-05-29T11:24:18.727Z [Modules] Streaming discord_desktop_core@1 to /home/me/.config/discord/0.0.27/modules/pending/discord_desktop_core-1.zip: 31%
2023-05-29T11:24:18.731Z [Modules] Streaming discord_desktop_core@1 to /home/me/.config/discord/0.0.27/modules/pending/discord_desktop_core-1.zip: 34%
2023-05-29T11:24:18.738Z [Modules] Streaming discord_desktop_core@1 to /home/me/.config/discord/0.0.27/modules/pending/discord_desktop_core-1.zip: 36%
2023-05-29T11:24:18.740Z [Modules] Streaming discord_desktop_core@1 to /home/me/.config/discord/0.0.27/modules/pending/discord_desktop_core-1.zip: 40%
2023-05-29T11:24:18.742Z [Modules] Streaming discord_desktop_core@1 to /home/me/.config/discord/0.0.27/modules/pending/discord_desktop_core-1.zip: 44%
2023-05-29T11:24:18.747Z [Modules] Streaming discord_desktop_core@1 to /home/me/.config/discord/0.0.27/modules/pending/discord_desktop_core-1.zip: 47%
2023-05-29T11:24:18.750Z [Modules] Streaming discord_desktop_core@1 to /home/me/.config/discord/0.0.27/modules/pending/discord_desktop_core-1.zip: 51%
2023-05-29T11:24:18.750Z [Modules] Streaming discord_desktop_core@1 to /home/me/.config/discord/0.0.27/modules/pending/discord_desktop_core-1.zip: 55%
2023-05-29T11:24:18.753Z [Modules] Streaming discord_desktop_core@1 to /home/me/.config/discord/0.0.27/modules/pending/discord_desktop_core-1.zip: 59%
2023-05-29T11:24:18.755Z [Modules] Streaming discord_desktop_core@1 to /home/me/.config/discord/0.0.27/modules/pending/discord_desktop_core-1.zip: 60%
2023-05-29T11:24:18.759Z [Modules] Streaming discord_desktop_core@1 to /home/me/.config/discord/0.0.27/modules/pending/discord_desktop_core-1.zip: 65%
2023-05-29T11:24:18.759Z [Modules] Streaming discord_desktop_core@1 to /home/me/.config/discord/0.0.27/modules/pending/discord_desktop_core-1.zip: 66%
2023-05-29T11:24:18.762Z [Modules] Streaming discord_desktop_core@1 to /home/me/.config/discord/0.0.27/modules/pending/discord_desktop_core-1.zip: 68%
2023-05-29T11:24:18.763Z [Modules] Streaming discord_desktop_core@1 to /home/me/.config/discord/0.0.27/modules/pending/discord_desktop_core-1.zip: 72%
2023-05-29T11:24:18.764Z [Modules] Streaming discord_desktop_core@1 to /home/me/.config/discord/0.0.27/modules/pending/discord_desktop_core-1.zip: 73%
2023-05-29T11:24:18.768Z [Modules] Streaming discord_desktop_core@1 to /home/me/.config/discord/0.0.27/modules/pending/discord_desktop_core-1.zip: 76%
2023-05-29T11:24:18.773Z [Modules] Streaming discord_desktop_core@1 to /home/me/.config/discord/0.0.27/modules/pending/discord_desktop_core-1.zip: 80%
2023-05-29T11:24:18.774Z [Modules] Streaming discord_desktop_core@1 to /home/me/.config/discord/0.0.27/modules/pending/discord_desktop_core-1.zip: 84%
2023-05-29T11:24:18.777Z [Modules] Streaming discord_desktop_core@1 to /home/me/.config/discord/0.0.27/modules/pending/discord_desktop_core-1.zip: 87%
2023-05-29T11:24:18.778Z [Modules] Streaming discord_desktop_core@1 to /home/me/.config/discord/0.0.27/modules/pending/discord_desktop_core-1.zip: 91%
2023-05-29T11:24:18.780Z [Modules] Streaming discord_desktop_core@1 to /home/me/.config/discord/0.0.27/modules/pending/discord_desktop_core-1.zip: 93%
2023-05-29T11:24:18.784Z [Modules] Streaming discord_desktop_core@1 to /home/me/.config/discord/0.0.27/modules/pending/discord_desktop_core-1.zip: 98%
2023-05-29T11:24:18.794Z [Modules] Streaming discord_desktop_core@1 to /home/me/.config/discord/0.0.27/modules/pending/discord_desktop_core-1.zip: 100%
2023-05-29T11:24:18.795Z [Modules] Fetching discord_erlpack@1 from https://discord.com/api/modules/stable/discord_erlpack/1
2023-05-29T11:24:18.795Z [Modules] Streaming discord_erlpack@1 to /home/me/.config/discord/0.0.27/modules/pending/discord_erlpack-1.zip
2023-05-29T11:24:18.897Z [Modules] Streaming discord_erlpack@1 to /home/me/.config/discord/0.0.27/modules/pending/discord_erlpack-1.zip: 3%
2023-05-29T11:24:18.899Z [Modules] Streaming discord_erlpack@1 to /home/me/.config/discord/0.0.27/modules/pending/discord_erlpack-1.zip: 5%
2023-05-29T11:24:18.900Z [Modules] Streaming discord_erlpack@1 to /home/me/.config/discord/0.0.27/modules/pending/discord_erlpack-1.zip: 9%
2023-05-29T11:24:18.902Z [Modules] Streaming discord_erlpack@1 to /home/me/.config/discord/0.0.27/modules/pending/discord_erlpack-1.zip: 13%
2023-05-29T11:24:18.903Z [Modules] Streaming discord_erlpack@1 to /home/me/.config/discord/0.0.27/modules/pending/discord_erlpack-1.zip: 14%
2023-05-29T11:24:18.906Z [Modules] Streaming discord_erlpack@1 to /home/me/.config/discord/0.0.27/modules/pending/discord_erlpack-1.zip: 18%
2023-05-29T11:24:18.906Z [Modules] Streaming discord_erlpack@1 to /home/me/.config/discord/0.0.27/modules/pending/discord_erlpack-1.zip: 19%
2023-05-29T11:24:18.908Z [Modules] Streaming discord_erlpack@1 to /home/me/.config/discord/0.0.27/modules/pending/discord_erlpack-1.zip: 23%
2023-05-29T11:24:18.910Z [Modules] Streaming discord_erlpack@1 to /home/me/.config/discord/0.0.27/modules/pending/discord_erlpack-1.zip: 26%
2023-05-29T11:24:18.915Z [Modules] Streaming discord_erlpack@1 to /home/me/.config/discord/0.0.27/modules/pending/discord_erlpack-1.zip: 30%
2023-05-29T11:24:18.915Z [Modules] Streaming discord_erlpack@1 to /home/me/.config/discord/0.0.27/modules/pending/discord_erlpack-1.zip: 32%
2023-05-29T11:24:18.916Z [Modules] Streaming discord_erlpack@1 to /home/me/.config/discord/0.0.27/modules/pending/discord_erlpack-1.zip: 36%
2023-05-29T11:24:18.918Z [Modules] Streaming discord_erlpack@1 to /home/me/.config/discord/0.0.27/modules/pending/discord_erlpack-1.zip: 40%
2023-05-29T11:24:18.920Z [Modules] Streaming discord_erlpack@1 to /home/me/.config/discord/0.0.27/modules/pending/discord_erlpack-1.zip: 42%
2023-05-29T11:24:18.922Z [Modules] Streaming discord_erlpack@1 to /home/me/.config/discord/0.0.27/modules/pending/discord_erlpack-1.zip: 46%
2023-05-29T11:24:18.923Z [Modules] Streaming discord_erlpack@1 to /home/me/.config/discord/0.0.27/modules/pending/discord_erlpack-1.zip: 47%
2023-05-29T11:24:18.927Z [Modules] Streaming discord_erlpack@1 to /home/me/.config/discord/0.0.27/modules/pending/discord_erlpack-1.zip: 50%
2023-05-29T11:24:18.928Z [Modules] Streaming discord_erlpack@1 to /home/me/.config/discord/0.0.27/modules/pending/discord_erlpack-1.zip: 53%
2023-05-29T11:24:18.930Z [Modules] Streaming discord_erlpack@1 to /home/me/.config/discord/0.0.27/modules/pending/discord_erlpack-1.zip: 54%
2023-05-29T11:24:18.932Z [Modules] Streaming discord_erlpack@1 to /home/me/.config/discord/0.0.27/modules/pending/discord_erlpack-1.zip: 58%
2023-05-29T11:24:18.935Z [Modules] Streaming discord_erlpack@1 to /home/me/.config/discord/0.0.27/modules/pending/discord_erlpack-1.zip: 62%
2023-05-29T11:24:18.937Z [Modules] Streaming discord_erlpack@1 to /home/me/.config/discord/0.0.27/modules/pending/discord_erlpack-1.zip: 66%
2023-05-29T11:24:18.940Z [Modules] Streaming discord_erlpack@1 to /home/me/.config/discord/0.0.27/modules/pending/discord_erlpack-1.zip: 69%
2023-05-29T11:24:18.942Z [Modules] Streaming discord_erlpack@1 to /home/me/.config/discord/0.0.27/modules/pending/discord_erlpack-1.zip: 73%
2023-05-29T11:24:18.945Z [Modules] Streaming discord_erlpack@1 to /home/me/.config/discord/0.0.27/modules/pending/discord_erlpack-1.zip: 77%
2023-05-29T11:24:18.945Z [Modules] Streaming discord_erlpack@1 to /home/me/.config/discord/0.0.27/modules/pending/discord_erlpack-1.zip: 79%
2023-05-29T11:24:18.948Z [Modules] Streaming discord_erlpack@1 to /home/me/.config/discord/0.0.27/modules/pending/discord_erlpack-1.zip: 81%
2023-05-29T11:24:18.949Z [Modules] Streaming discord_erlpack@1 to /home/me/.config/discord/0.0.27/modules/pending/discord_erlpack-1.zip: 85%
2023-05-29T11:24:18.951Z [Modules] Streaming discord_erlpack@1 to /home/me/.config/discord/0.0.27/modules/pending/discord_erlpack-1.zip: 89%
2023-05-29T11:24:18.956Z [Modules] Streaming discord_erlpack@1 to /home/me/.config/discord/0.0.27/modules/pending/discord_erlpack-1.zip: 92%
2023-05-29T11:24:18.957Z [Modules] Streaming discord_erlpack@1 to /home/me/.config/discord/0.0.27/modules/pending/discord_erlpack-1.zip: 96%
2023-05-29T11:24:18.959Z [Modules] Streaming discord_erlpack@1 to /home/me/.config/discord/0.0.27/modules/pending/discord_erlpack-1.zip: 100%
2023-05-29T11:24:18.960Z [Modules] Fetching discord_spellcheck@1 from https://discord.com/api/modules/stable/discord_spellcheck/1
2023-05-29T11:24:18.960Z [Modules] Streaming discord_spellcheck@1 to /home/me/.config/discord/0.0.27/modules/pending/discord_spellcheck-1.zip
2023-05-29T11:24:19.063Z [Modules] Streaming discord_spellcheck@1 to /home/me/.config/discord/0.0.27/modules/pending/discord_spellcheck-1.zip: 1%
2023-05-29T11:24:19.067Z [Modules] Streaming discord_spellcheck@1 to /home/me/.config/discord/0.0.27/modules/pending/discord_spellcheck-1.zip: 2%
2023-05-29T11:24:19.072Z [Modules] Streaming discord_spellcheck@1 to /home/me/.config/discord/0.0.27/modules/pending/discord_spellcheck-1.zip: 3%
2023-05-29T11:24:19.075Z [Modules] Streaming discord_spellcheck@1 to /home/me/.config/discord/0.0.27/modules/pending/discord_spellcheck-1.zip: 4%
2023-05-29T11:24:19.078Z [Modules] Streaming discord_spellcheck@1 to /home/me/.config/discord/0.0.27/modules/pending/discord_spellcheck-1.zip: 5%
2023-05-29T11:24:19.081Z [Modules] Streaming discord_spellcheck@1 to /home/me/.config/discord/0.0.27/modules/pending/discord_spellcheck-1.zip: 6%
2023-05-29T11:24:19.085Z [Modules] Streaming discord_spellcheck@1 to /home/me/.config/discord/0.0.27/modules/pending/discord_spellcheck-1.zip: 7%
2023-05-29T11:24:19.088Z [Modules] Streaming discord_spellcheck@1 to /home/me/.config/discord/0.0.27/modules/pending/discord_spellcheck-1.zip: 8%
2023-05-29T11:24:19.092Z [Modules] Streaming discord_spellcheck@1 to /home/me/.config/discord/0.0.27/modules/pending/discord_spellcheck-1.zip: 9%
2023-05-29T11:24:19.096Z [Modules] Streaming discord_spellcheck@1 to /home/me/.config/discord/0.0.27/modules/pending/discord_spellcheck-1.zip: 10%
2023-05-29T11:24:19.101Z [Modules] Streaming discord_spellcheck@1 to /home/me/.config/discord/0.0.27/modules/pending/discord_spellcheck-1.zip: 11%
2023-05-29T11:24:19.108Z [Modules] Streaming discord_spellcheck@1 to /home/me/.config/discord/0.0.27/modules/pending/discord_spellcheck-1.zip: 12%
2023-05-29T11:24:19.112Z [Modules] Streaming discord_spellcheck@1 to /home/me/.config/discord/0.0.27/modules/pending/discord_spellcheck-1.zip: 13%
2023-05-29T11:24:19.114Z [Modules] Streaming discord_spellcheck@1 to /home/me/.config/discord/0.0.27/modules/pending/discord_spellcheck-1.zip: 14%
2023-05-29T11:24:19.119Z [Modules] Streaming discord_spellcheck@1 to /home/me/.config/discord/0.0.27/modules/pending/discord_spellcheck-1.zip: 15%
2023-05-29T11:24:19.123Z [Modules] Streaming discord_spellcheck@1 to /home/me/.config/discord/0.0.27/modules/pending/discord_spellcheck-1.zip: 16%
2023-05-29T11:24:19.129Z [Modules] Streaming discord_spellcheck@1 to /home/me/.config/discord/0.0.27/modules/pending/discord_spellcheck-1.zip: 17%
2023-05-29T11:24:19.132Z [Modules] Streaming discord_spellcheck@1 to /home/me/.config/discord/0.0.27/modules/pending/discord_spellcheck-1.zip: 18%
2023-05-29T11:24:19.138Z [Modules] Streaming discord_spellcheck@1 to /home/me/.config/discord/0.0.27/modules/pending/discord_spellcheck-1.zip: 19%
2023-05-29T11:24:19.140Z [Modules] Streaming discord_spellcheck@1 to /home/me/.config/discord/0.0.27/modules/pending/discord_spellcheck-1.zip: 20%
2023-05-29T11:24:19.146Z [Modules] Streaming discord_spellcheck@1 to /home/me/.config/discord/0.0.27/modules/pending/discord_spellcheck-1.zip: 21%
2023-05-29T11:24:19.148Z [Modules] Streaming discord_spellcheck@1 to /home/me/.config/discord/0.0.27/modules/pending/discord_spellcheck-1.zip: 22%
2023-05-29T11:24:19.152Z [Modules] Streaming discord_spellcheck@1 to /home/me/.config/discord/0.0.27/modules/pending/discord_spellcheck-1.zip: 23%
2023-05-29T11:24:19.155Z [Modules] Streaming discord_spellcheck@1 to /home/me/.config/discord/0.0.27/modules/pending/discord_spellcheck-1.zip: 24%
2023-05-29T11:24:19.164Z [Modules] Streaming discord_spellcheck@1 to /home/me/.config/discord/0.0.27/modules/pending/discord_spellcheck-1.zip: 25%
2023-05-29T11:24:19.170Z [Modules] Streaming discord_spellcheck@1 to /home/me/.config/discord/0.0.27/modules/pending/discord_spellcheck-1.zip: 26%
2023-05-29T11:24:19.176Z [Modules] Streaming discord_spellcheck@1 to /home/me/.config/discord/0.0.27/modules/pending/discord_spellcheck-1.zip: 27%
2023-05-29T11:24:19.180Z [Modules] Streaming discord_spellcheck@1 to /home/me/.config/discord/0.0.27/modules/pending/discord_spellcheck-1.zip: 28%
2023-05-29T11:24:19.185Z [Modules] Streaming discord_spellcheck@1 to /home/me/.config/discord/0.0.27/modules/pending/discord_spellcheck-1.zip: 29%
2023-05-29T11:24:19.187Z [Modules] Streaming discord_spellcheck@1 to /home/me/.config/discord/0.0.27/modules/pending/discord_spellcheck-1.zip: 30%
2023-05-29T11:24:19.192Z [Modules] Streaming discord_spellcheck@1 to /home/me/.config/discord/0.0.27/modules/pending/discord_spellcheck-1.zip: 31%
2023-05-29T11:24:19.196Z [Modules] Streaming discord_spellcheck@1 to /home/me/.config/discord/0.0.27/modules/pending/discord_spellcheck-1.zip: 32%
2023-05-29T11:24:19.200Z [Modules] Streaming discord_spellcheck@1 to /home/me/.config/discord/0.0.27/modules/pending/discord_spellcheck-1.zip: 33%
2023-05-29T11:24:19.206Z [Modules] Streaming discord_spellcheck@1 to /home/me/.config/discord/0.0.27/modules/pending/discord_spellcheck-1.zip: 34%
2023-05-29T11:24:19.210Z [Modules] Streaming discord_spellcheck@1 to /home/me/.config/discord/0.0.27/modules/pending/discord_spellcheck-1.zip: 35%
2023-05-29T11:24:19.212Z [Modules] Streaming discord_spellcheck@1 to /home/me/.config/discord/0.0.27/modules/pending/discord_spellcheck-1.zip: 36%
2023-05-29T11:24:19.217Z [Modules] Streaming discord_spellcheck@1 to /home/me/.config/discord/0.0.27/modules/pending/discord_spellcheck-1.zip: 37%
2023-05-29T11:24:19.222Z [Modules] Streaming discord_spellcheck@1 to /home/me/.config/discord/0.0.27/modules/pending/discord_spellcheck-1.zip: 38%
2023-05-29T11:24:19.226Z [Modules] Streaming discord_spellcheck@1 to /home/me/.config/discord/0.0.27/modules/pending/discord_spellcheck-1.zip: 39%
2023-05-29T11:24:19.229Z [Modules] Streaming discord_spellcheck@1 to /home/me/.config/discord/0.0.27/modules/pending/discord_spellcheck-1.zip: 40%
2023-05-29T11:24:19.234Z [Modules] Streaming discord_spellcheck@1 to /home/me/.config/discord/0.0.27/modules/pending/discord_spellcheck-1.zip: 41%
2023-05-29T11:24:19.238Z [Modules] Streaming discord_spellcheck@1 to /home/me/.config/discord/0.0.27/modules/pending/discord_spellcheck-1.zip: 42%
2023-05-29T11:24:19.242Z [Modules] Streaming discord_spellcheck@1 to /home/me/.config/discord/0.0.27/modules/pending/discord_spellcheck-1.zip: 43%
2023-05-29T11:24:19.246Z [Modules] Streaming discord_spellcheck@1 to /home/me/.config/discord/0.0.27/modules/pending/discord_spellcheck-1.zip: 44%
2023-05-29T11:24:19.250Z [Modules] Streaming discord_spellcheck@1 to /home/me/.config/discord/0.0.27/modules/pending/discord_spellcheck-1.zip: 45%
2023-05-29T11:24:19.252Z [Modules] Streaming discord_spellcheck@1 to /home/me/.config/discord/0.0.27/modules/pending/discord_spellcheck-1.zip: 46%
2023-05-29T11:24:19.256Z [Modules] Streaming discord_spellcheck@1 to /home/me/.config/discord/0.0.27/modules/pending/discord_spellcheck-1.zip: 47%
2023-05-29T11:24:19.260Z [Modules] Streaming discord_spellcheck@1 to /home/me/.config/discord/0.0.27/modules/pending/discord_spellcheck-1.zip: 48%
2023-05-29T11:24:19.262Z [Modules] Streaming discord_spellcheck@1 to /home/me/.config/discord/0.0.27/modules/pending/discord_spellcheck-1.zip: 49%
2023-05-29T11:24:19.269Z [Modules] Streaming discord_spellcheck@1 to /home/me/.config/discord/0.0.27/modules/pending/discord_spellcheck-1.zip: 50%
2023-05-29T11:24:19.273Z [Modules] Streaming discord_spellcheck@1 to /home/me/.config/discord/0.0.27/modules/pending/discord_spellcheck-1.zip: 51%
2023-05-29T11:24:19.281Z [Modules] Streaming discord_spellcheck@1 to /home/me/.config/discord/0.0.27/modules/pending/discord_spellcheck-1.zip: 52%
2023-05-29T11:24:19.283Z [Modules] Streaming discord_spellcheck@1 to /home/me/.config/discord/0.0.27/modules/pending/discord_spellcheck-1.zip: 53%
2023-05-29T11:24:19.286Z [Modules] Streaming discord_spellcheck@1 to /home/me/.config/discord/0.0.27/modules/pending/discord_spellcheck-1.zip: 54%
2023-05-29T11:24:19.292Z [Modules] Streaming discord_spellcheck@1 to /home/me/.config/discord/0.0.27/modules/pending/discord_spellcheck-1.zip: 55%
2023-05-29T11:24:19.297Z [Modules] Streaming discord_spellcheck@1 to /home/me/.config/discord/0.0.27/modules/pending/discord_spellcheck-1.zip: 56%
2023-05-29T11:24:19.301Z [Modules] Streaming discord_spellcheck@1 to /home/me/.config/discord/0.0.27/modules/pending/discord_spellcheck-1.zip: 57%
2023-05-29T11:24:19.303Z [Modules] Streaming discord_spellcheck@1 to /home/me/.config/discord/0.0.27/modules/pending/discord_spellcheck-1.zip: 58%
2023-05-29T11:24:19.308Z [Modules] Streaming discord_spellcheck@1 to /home/me/.config/discord/0.0.27/modules/pending/discord_spellcheck-1.zip: 59%
2023-05-29T11:24:19.309Z [Modules] Streaming discord_spellcheck@1 to /home/me/.config/discord/0.0.27/modules/pending/discord_spellcheck-1.zip: 60%
2023-05-29T11:24:19.315Z [Modules] Streaming discord_spellcheck@1 to /home/me/.config/discord/0.0.27/modules/pending/discord_spellcheck-1.zip: 61%
2023-05-29T11:24:19.318Z [Modules] Streaming discord_spellcheck@1 to /home/me/.config/discord/0.0.27/modules/pending/discord_spellcheck-1.zip: 62%
2023-05-29T11:24:19.324Z [Modules] Streaming discord_spellcheck@1 to /home/me/.config/discord/0.0.27/modules/pending/discord_spellcheck-1.zip: 63%
2023-05-29T11:24:19.326Z [Modules] Streaming discord_spellcheck@1 to /home/me/.config/discord/0.0.27/modules/pending/discord_spellcheck-1.zip: 64%
2023-05-29T11:24:19.331Z [Modules] Streaming discord_spellcheck@1 to /home/me/.config/discord/0.0.27/modules/pending/discord_spellcheck-1.zip: 65%
2023-05-29T11:24:19.337Z [Modules] Streaming discord_spellcheck@1 to /home/me/.config/discord/0.0.27/modules/pending/discord_spellcheck-1.zip: 66%
2023-05-29T11:24:19.342Z [Modules] Streaming discord_spellcheck@1 to /home/me/.config/discord/0.0.27/modules/pending/discord_spellcheck-1.zip: 67%
2023-05-29T11:24:19.344Z [Modules] Streaming discord_spellcheck@1 to /home/me/.config/discord/0.0.27/modules/pending/discord_spellcheck-1.zip: 68%
2023-05-29T11:24:19.349Z [Modules] Streaming discord_spellcheck@1 to /home/me/.config/discord/0.0.27/modules/pending/discord_spellcheck-1.zip: 69%
2023-05-29T11:24:19.352Z [Modules] Streaming discord_spellcheck@1 to /home/me/.config/discord/0.0.27/modules/pending/discord_spellcheck-1.zip: 70%
2023-05-29T11:24:19.358Z [Modules] Streaming discord_spellcheck@1 to /home/me/.config/discord/0.0.27/modules/pending/discord_spellcheck-1.zip: 71%
2023-05-29T11:24:19.365Z [Modules] Streaming discord_spellcheck@1 to /home/me/.config/discord/0.0.27/modules/pending/discord_spellcheck-1.zip: 72%
2023-05-29T11:24:19.368Z [Modules] Streaming discord_spellcheck@1 to /home/me/.config/discord/0.0.27/modules/pending/discord_spellcheck-1.zip: 73%
2023-05-29T11:24:19.372Z [Modules] Streaming discord_spellcheck@1 to /home/me/.config/discord/0.0.27/modules/pending/discord_spellcheck-1.zip: 74%
2023-05-29T11:24:19.378Z [Modules] Streaming discord_spellcheck@1 to /home/me/.config/discord/0.0.27/modules/pending/discord_spellcheck-1.zip: 75%
2023-05-29T11:24:19.384Z [Modules] Streaming discord_spellcheck@1 to /home/me/.config/discord/0.0.27/modules/pending/discord_spellcheck-1.zip: 76%
2023-05-29T11:24:19.387Z [Modules] Streaming discord_spellcheck@1 to /home/me/.config/discord/0.0.27/modules/pending/discord_spellcheck-1.zip: 77%
2023-05-29T11:24:19.389Z [Modules] Streaming discord_spellcheck@1 to /home/me/.config/discord/0.0.27/modules/pending/discord_spellcheck-1.zip: 78%
2023-05-29T11:24:19.408Z [Modules] Streaming discord_spellcheck@1 to /home/me/.config/discord/0.0.27/modules/pending/discord_spellcheck-1.zip: 79%
2023-05-29T11:24:19.413Z [Modules] Streaming discord_spellcheck@1 to /home/me/.config/discord/0.0.27/modules/pending/discord_spellcheck-1.zip: 80%
2023-05-29T11:24:19.419Z [Modules] Streaming discord_spellcheck@1 to /home/me/.config/discord/0.0.27/modules/pending/discord_spellcheck-1.zip: 81%
2023-05-29T11:24:19.422Z [Modules] Streaming discord_spellcheck@1 to /home/me/.config/discord/0.0.27/modules/pending/discord_spellcheck-1.zip: 82%
2023-05-29T11:24:19.427Z [Modules] Streaming discord_spellcheck@1 to /home/me/.config/discord/0.0.27/modules/pending/discord_spellcheck-1.zip: 83%
2023-05-29T11:24:19.435Z [Modules] Streaming discord_spellcheck@1 to /home/me/.config/discord/0.0.27/modules/pending/discord_spellcheck-1.zip: 84%
2023-05-29T11:24:19.438Z [Modules] Streaming discord_spellcheck@1 to /home/me/.config/discord/0.0.27/modules/pending/discord_spellcheck-1.zip: 85%
2023-05-29T11:24:19.443Z [Modules] Streaming discord_spellcheck@1 to /home/me/.config/discord/0.0.27/modules/pending/discord_spellcheck-1.zip: 86%
2023-05-29T11:24:19.444Z [Modules] Streaming discord_spellcheck@1 to /home/me/.config/discord/0.0.27/modules/pending/discord_spellcheck-1.zip: 87%
2023-05-29T11:24:19.451Z [Modules] Streaming discord_spellcheck@1 to /home/me/.config/discord/0.0.27/modules/pending/discord_spellcheck-1.zip: 88%
2023-05-29T11:24:19.452Z [Modules] Streaming discord_spellcheck@1 to /home/me/.config/discord/0.0.27/modules/pending/discord_spellcheck-1.zip: 89%
2023-05-29T11:24:19.457Z [Modules] Streaming discord_spellcheck@1 to /home/me/.config/discord/0.0.27/modules/pending/discord_spellcheck-1.zip: 90%
2023-05-29T11:24:19.463Z [Modules] Streaming discord_spellcheck@1 to /home/me/.config/discord/0.0.27/modules/pending/discord_spellcheck-1.zip: 91%
2023-05-29T11:24:19.466Z [Modules] Streaming discord_spellcheck@1 to /home/me/.config/discord/0.0.27/modules/pending/discord_spellcheck-1.zip: 92%
2023-05-29T11:24:19.471Z [Modules] Streaming discord_spellcheck@1 to /home/me/.config/discord/0.0.27/modules/pending/discord_spellcheck-1.zip: 93%
2023-05-29T11:24:19.475Z [Modules] Streaming discord_spellcheck@1 to /home/me/.config/discord/0.0.27/modules/pending/discord_spellcheck-1.zip: 94%
2023-05-29T11:24:19.477Z [Modules] Streaming discord_spellcheck@1 to /home/me/.config/discord/0.0.27/modules/pending/discord_spellcheck-1.zip: 95%
2023-05-29T11:24:19.481Z [Modules] Streaming discord_spellcheck@1 to /home/me/.config/discord/0.0.27/modules/pending/discord_spellcheck-1.zip: 96%
2023-05-29T11:24:19.487Z [Modules] Streaming discord_spellcheck@1 to /home/me/.config/discord/0.0.27/modules/pending/discord_spellcheck-1.zip: 97%
2023-05-29T11:24:19.488Z [Modules] Streaming discord_spellcheck@1 to /home/me/.config/discord/0.0.27/modules/pending/discord_spellcheck-1.zip: 98%
2023-05-29T11:24:19.492Z [Modules] Streaming discord_spellcheck@1 to /home/me/.config/discord/0.0.27/modules/pending/discord_spellcheck-1.zip: 99%
2023-05-29T11:24:19.496Z [Modules] Streaming discord_spellcheck@1 to /home/me/.config/discord/0.0.27/modules/pending/discord_spellcheck-1.zip: 100%
2023-05-29T11:24:19.497Z [Modules] Fetching discord_utils@1 from https://discord.com/api/modules/stable/discord_utils/1
2023-05-29T11:24:19.497Z [Modules] Streaming discord_utils@1 to /home/me/.config/discord/0.0.27/modules/pending/discord_utils-1.zip
2023-05-29T11:24:19.605Z [Modules] Streaming discord_utils@1 to /home/me/.config/discord/0.0.27/modules/pending/discord_utils-1.zip: 2%
2023-05-29T11:24:19.616Z [Modules] Streaming discord_utils@1 to /home/me/.config/discord/0.0.27/modules/pending/discord_utils-1.zip: 4%
2023-05-29T11:24:19.619Z [Modules] Streaming discord_utils@1 to /home/me/.config/discord/0.0.27/modules/pending/discord_utils-1.zip: 6%
2023-05-29T11:24:19.620Z [Modules] Streaming discord_utils@1 to /home/me/.config/discord/0.0.27/modules/pending/discord_utils-1.zip: 8%
2023-05-29T11:24:19.623Z [Modules] Streaming discord_utils@1 to /home/me/.config/discord/0.0.27/modules/pending/discord_utils-1.zip: 10%
2023-05-29T11:24:19.625Z [Modules] Streaming discord_utils@1 to /home/me/.config/discord/0.0.27/modules/pending/discord_utils-1.zip: 11%
2023-05-29T11:24:19.631Z [Modules] Streaming discord_utils@1 to /home/me/.config/discord/0.0.27/modules/pending/discord_utils-1.zip: 12%
2023-05-29T11:24:19.632Z [Modules] Streaming discord_utils@1 to /home/me/.config/discord/0.0.27/modules/pending/discord_utils-1.zip: 15%
2023-05-29T11:24:19.633Z [Modules] Streaming discord_utils@1 to /home/me/.config/discord/0.0.27/modules/pending/discord_utils-1.zip: 17%
2023-05-29T11:24:19.637Z [Modules] Streaming discord_utils@1 to /home/me/.config/discord/0.0.27/modules/pending/discord_utils-1.zip: 18%
2023-05-29T11:24:19.638Z [Modules] Streaming discord_utils@1 to /home/me/.config/discord/0.0.27/modules/pending/discord_utils-1.zip: 21%
2023-05-29T11:24:19.640Z [Modules] Streaming discord_utils@1 to /home/me/.config/discord/0.0.27/modules/pending/discord_utils-1.zip: 23%
2023-05-29T11:24:19.643Z [Modules] Streaming discord_utils@1 to /home/me/.config/discord/0.0.27/modules/pending/discord_utils-1.zip: 24%
2023-05-29T11:24:19.644Z [Modules] Streaming discord_utils@1 to /home/me/.config/discord/0.0.27/modules/pending/discord_utils-1.zip: 26%
2023-05-29T11:24:19.647Z [Modules] Streaming discord_utils@1 to /home/me/.config/discord/0.0.27/modules/pending/discord_utils-1.zip: 29%
2023-05-29T11:24:19.649Z [Modules] Streaming discord_utils@1 to /home/me/.config/discord/0.0.27/modules/pending/discord_utils-1.zip: 31%
2023-05-29T11:24:19.652Z [Modules] Streaming discord_utils@1 to /home/me/.config/discord/0.0.27/modules/pending/discord_utils-1.zip: 32%
2023-05-29T11:24:19.653Z [Modules] Streaming discord_utils@1 to /home/me/.config/discord/0.0.27/modules/pending/discord_utils-1.zip: 34%
2023-05-29T11:24:19.655Z [Modules] Streaming discord_utils@1 to /home/me/.config/discord/0.0.27/modules/pending/discord_utils-1.zip: 36%
2023-05-29T11:24:19.658Z [Modules] Streaming discord_utils@1 to /home/me/.config/discord/0.0.27/modules/pending/discord_utils-1.zip: 38%
2023-05-29T11:24:19.662Z [Modules] Streaming discord_utils@1 to /home/me/.config/discord/0.0.27/modules/pending/discord_utils-1.zip: 40%
2023-05-29T11:24:19.663Z [Modules] Streaming discord_utils@1 to /home/me/.config/discord/0.0.27/modules/pending/discord_utils-1.zip: 42%
2023-05-29T11:24:19.665Z [Modules] Streaming discord_utils@1 to /home/me/.config/discord/0.0.27/modules/pending/discord_utils-1.zip: 44%
2023-05-29T11:24:19.671Z [Modules] Streaming discord_utils@1 to /home/me/.config/discord/0.0.27/modules/pending/discord_utils-1.zip: 46%
2023-05-29T11:24:19.673Z [Modules] Streaming discord_utils@1 to /home/me/.config/discord/0.0.27/modules/pending/discord_utils-1.zip: 49%
2023-05-29T11:24:19.675Z [Modules] Streaming discord_utils@1 to /home/me/.config/discord/0.0.27/modules/pending/discord_utils-1.zip: 50%
2023-05-29T11:24:19.677Z [Modules] Streaming discord_utils@1 to /home/me/.config/discord/0.0.27/modules/pending/discord_utils-1.zip: 52%
2023-05-29T11:24:19.679Z [Modules] Streaming discord_utils@1 to /home/me/.config/discord/0.0.27/modules/pending/discord_utils-1.zip: 55%
2023-05-29T11:24:19.681Z [Modules] Streaming discord_utils@1 to /home/me/.config/discord/0.0.27/modules/pending/discord_utils-1.zip: 57%
2023-05-29T11:24:19.685Z [Modules] Streaming discord_utils@1 to /home/me/.config/discord/0.0.27/modules/pending/discord_utils-1.zip: 58%
2023-05-29T11:24:19.685Z [Modules] Streaming discord_utils@1 to /home/me/.config/discord/0.0.27/modules/pending/discord_utils-1.zip: 61%
2023-05-29T11:24:19.688Z [Modules] Streaming discord_utils@1 to /home/me/.config/discord/0.0.27/modules/pending/discord_utils-1.zip: 63%
2023-05-29T11:24:19.691Z [Modules] Streaming discord_utils@1 to /home/me/.config/discord/0.0.27/modules/pending/discord_utils-1.zip: 64%
2023-05-29T11:24:19.692Z [Modules] Streaming discord_utils@1 to /home/me/.config/discord/0.0.27/modules/pending/discord_utils-1.zip: 66%
2023-05-29T11:24:19.695Z [Modules] Streaming discord_utils@1 to /home/me/.config/discord/0.0.27/modules/pending/discord_utils-1.zip: 69%
2023-05-29T11:24:19.697Z [Modules] Streaming discord_utils@1 to /home/me/.config/discord/0.0.27/modules/pending/discord_utils-1.zip: 70%
2023-05-29T11:24:19.699Z [Modules] Streaming discord_utils@1 to /home/me/.config/discord/0.0.27/modules/pending/discord_utils-1.zip: 72%
2023-05-29T11:24:19.701Z [Modules] Streaming discord_utils@1 to /home/me/.config/discord/0.0.27/modules/pending/discord_utils-1.zip: 75%
2023-05-29T11:24:19.703Z [Modules] Streaming discord_utils@1 to /home/me/.config/discord/0.0.27/modules/pending/discord_utils-1.zip: 77%
2023-05-29T11:24:19.706Z [Modules] Streaming discord_utils@1 to /home/me/.config/discord/0.0.27/modules/pending/discord_utils-1.zip: 78%
2023-05-29T11:24:19.707Z [Modules] Streaming discord_utils@1 to /home/me/.config/discord/0.0.27/modules/pending/discord_utils-1.zip: 80%
2023-05-29T11:24:19.710Z [Modules] Streaming discord_utils@1 to /home/me/.config/discord/0.0.27/modules/pending/discord_utils-1.zip: 83%
2023-05-29T11:24:19.713Z [Modules] Streaming discord_utils@1 to /home/me/.config/discord/0.0.27/modules/pending/discord_utils-1.zip: 84%
2023-05-29T11:24:19.714Z [Modules] Streaming discord_utils@1 to /home/me/.config/discord/0.0.27/modules/pending/discord_utils-1.zip: 86%
2023-05-29T11:24:19.716Z [Modules] Streaming discord_utils@1 to /home/me/.config/discord/0.0.27/modules/pending/discord_utils-1.zip: 89%
2023-05-29T11:24:19.719Z [Modules] Streaming discord_utils@1 to /home/me/.config/discord/0.0.27/modules/pending/discord_utils-1.zip: 91%
2023-05-29T11:24:19.721Z [Modules] Streaming discord_utils@1 to /home/me/.config/discord/0.0.27/modules/pending/discord_utils-1.zip: 92%
2023-05-29T11:24:19.722Z [Modules] Streaming discord_utils@1 to /home/me/.config/discord/0.0.27/modules/pending/discord_utils-1.zip: 94%
2023-05-29T11:24:19.724Z [Modules] Streaming discord_utils@1 to /home/me/.config/discord/0.0.27/modules/pending/discord_utils-1.zip: 97%
2023-05-29T11:24:19.728Z [Modules] Streaming discord_utils@1 to /home/me/.config/discord/0.0.27/modules/pending/discord_utils-1.zip: 99%
2023-05-29T11:24:19.728Z [Modules] Streaming discord_utils@1 to /home/me/.config/discord/0.0.27/modules/pending/discord_utils-1.zip: 100%
2023-05-29T11:24:19.728Z [Modules] Fetching discord_voice@1 from https://discord.com/api/modules/stable/discord_voice/1
2023-05-29T11:24:19.729Z [Modules] Streaming discord_voice@1 to /home/me/.config/discord/0.0.27/modules/pending/discord_voice-1.zip
2023-05-29T11:24:19.846Z [Modules] Streaming discord_voice@1 to /home/me/.config/discord/0.0.27/modules/pending/discord_voice-1.zip: 1%
2023-05-29T11:24:19.860Z [Modules] Streaming discord_voice@1 to /home/me/.config/discord/0.0.27/modules/pending/discord_voice-1.zip: 2%
2023-05-29T11:24:19.869Z [Modules] Streaming discord_voice@1 to /home/me/.config/discord/0.0.27/modules/pending/discord_voice-1.zip: 3%
2023-05-29T11:24:19.872Z [Modules] Streaming discord_voice@1 to /home/me/.config/discord/0.0.27/modules/pending/discord_voice-1.zip: 4%
2023-05-29T11:24:19.880Z [Modules] Streaming discord_voice@1 to /home/me/.config/discord/0.0.27/modules/pending/discord_voice-1.zip: 5%
2023-05-29T11:24:19.886Z [Modules] Streaming discord_voice@1 to /home/me/.config/discord/0.0.27/modules/pending/discord_voice-1.zip: 6%
2023-05-29T11:24:19.894Z [Modules] Streaming discord_voice@1 to /home/me/.config/discord/0.0.27/modules/pending/discord_voice-1.zip: 7%
2023-05-29T11:24:19.902Z [Modules] Streaming discord_voice@1 to /home/me/.config/discord/0.0.27/modules/pending/discord_voice-1.zip: 8%
2023-05-29T11:24:19.908Z [Modules] Streaming discord_voice@1 to /home/me/.config/discord/0.0.27/modules/pending/discord_voice-1.zip: 9%
2023-05-29T11:24:19.922Z [Modules] Streaming discord_voice@1 to /home/me/.config/discord/0.0.27/modules/pending/discord_voice-1.zip: 10%
2023-05-29T11:24:19.930Z [Modules] Streaming discord_voice@1 to /home/me/.config/discord/0.0.27/modules/pending/discord_voice-1.zip: 11%
2023-05-29T11:24:19.936Z [Modules] Streaming discord_voice@1 to /home/me/.config/discord/0.0.27/modules/pending/discord_voice-1.zip: 12%
2023-05-29T11:24:19.942Z [Modules] Streaming discord_voice@1 to /home/me/.config/discord/0.0.27/modules/pending/discord_voice-1.zip: 13%
2023-05-29T11:24:19.954Z [Modules] Streaming discord_voice@1 to /home/me/.config/discord/0.0.27/modules/pending/discord_voice-1.zip: 14%
2023-05-29T11:24:19.960Z [Modules] Streaming discord_voice@1 to /home/me/.config/discord/0.0.27/modules/pending/discord_voice-1.zip: 15%
2023-05-29T11:24:19.967Z [Modules] Streaming discord_voice@1 to /home/me/.config/discord/0.0.27/modules/pending/discord_voice-1.zip: 16%
2023-05-29T11:24:19.975Z [Modules] Streaming discord_voice@1 to /home/me/.config/discord/0.0.27/modules/pending/discord_voice-1.zip: 17%
2023-05-29T11:24:19.982Z [Modules] Streaming discord_voice@1 to /home/me/.config/discord/0.0.27/modules/pending/discord_voice-1.zip: 18%
2023-05-29T11:24:19.993Z [Modules] Streaming discord_voice@1 to /home/me/.config/discord/0.0.27/modules/pending/discord_voice-1.zip: 19%
2023-05-29T11:24:20.001Z [Modules] Streaming discord_voice@1 to /home/me/.config/discord/0.0.27/modules/pending/discord_voice-1.zip: 20%
2023-05-29T11:24:20.007Z [Modules] Streaming discord_voice@1 to /home/me/.config/discord/0.0.27/modules/pending/discord_voice-1.zip: 21%
2023-05-29T11:24:20.032Z [Modules] Streaming discord_voice@1 to /home/me/.config/discord/0.0.27/modules/pending/discord_voice-1.zip: 22%
2023-05-29T11:24:20.041Z [Modules] Streaming discord_voice@1 to /home/me/.config/discord/0.0.27/modules/pending/discord_voice-1.zip: 23%
2023-05-29T11:24:20.047Z [Modules] Streaming discord_voice@1 to /home/me/.config/discord/0.0.27/modules/pending/discord_voice-1.zip: 24%
2023-05-29T11:24:20.059Z [Modules] Streaming discord_voice@1 to /home/me/.config/discord/0.0.27/modules/pending/discord_voice-1.zip: 25%
2023-05-29T11:24:20.066Z [Modules] Streaming discord_voice@1 to /home/me/.config/discord/0.0.27/modules/pending/discord_voice-1.zip: 26%
2023-05-29T11:24:20.073Z [Modules] Streaming discord_voice@1 to /home/me/.config/discord/0.0.27/modules/pending/discord_voice-1.zip: 27%
2023-05-29T11:24:20.083Z [Modules] Streaming discord_voice@1 to /home/me/.config/discord/0.0.27/modules/pending/discord_voice-1.zip: 28%
2023-05-29T11:24:20.089Z [Modules] Streaming discord_voice@1 to /home/me/.config/discord/0.0.27/modules/pending/discord_voice-1.zip: 29%
2023-05-29T11:24:20.097Z [Modules] Streaming discord_voice@1 to /home/me/.config/discord/0.0.27/modules/pending/discord_voice-1.zip: 30%
2023-05-29T11:24:20.107Z [Modules] Streaming discord_voice@1 to /home/me/.config/discord/0.0.27/modules/pending/discord_voice-1.zip: 31%
2023-05-29T11:24:20.116Z [Modules] Streaming discord_voice@1 to /home/me/.config/discord/0.0.27/modules/pending/discord_voice-1.zip: 32%
2023-05-29T11:24:20.122Z [Modules] Streaming discord_voice@1 to /home/me/.config/discord/0.0.27/modules/pending/discord_voice-1.zip: 33%
2023-05-29T11:24:20.134Z [Modules] Streaming discord_voice@1 to /home/me/.config/discord/0.0.27/modules/pending/discord_voice-1.zip: 34%
2023-05-29T11:24:20.140Z [Modules] Streaming discord_voice@1 to /home/me/.config/discord/0.0.27/modules/pending/discord_voice-1.zip: 35%
2023-05-29T11:24:20.152Z [Modules] Streaming discord_voice@1 to /home/me/.config/discord/0.0.27/modules/pending/discord_voice-1.zip: 36%
2023-05-29T11:24:20.161Z [Modules] Streaming discord_voice@1 to /home/me/.config/discord/0.0.27/modules/pending/discord_voice-1.zip: 37%
2023-05-29T11:24:20.168Z [Modules] Streaming discord_voice@1 to /home/me/.config/discord/0.0.27/modules/pending/discord_voice-1.zip: 38%
2023-05-29T11:24:20.176Z [Modules] Streaming discord_voice@1 to /home/me/.config/discord/0.0.27/modules/pending/discord_voice-1.zip: 39%
2023-05-29T11:24:20.185Z [Modules] Streaming discord_voice@1 to /home/me/.config/discord/0.0.27/modules/pending/discord_voice-1.zip: 40%
2023-05-29T11:24:20.191Z [Modules] Streaming discord_voice@1 to /home/me/.config/discord/0.0.27/modules/pending/discord_voice-1.zip: 41%
2023-05-29T11:24:20.201Z [Modules] Streaming discord_voice@1 to /home/me/.config/discord/0.0.27/modules/pending/discord_voice-1.zip: 42%
2023-05-29T11:24:20.208Z [Modules] Streaming discord_voice@1 to /home/me/.config/discord/0.0.27/modules/pending/discord_voice-1.zip: 43%
2023-05-29T11:24:20.217Z [Modules] Streaming discord_voice@1 to /home/me/.config/discord/0.0.27/modules/pending/discord_voice-1.zip: 44%
2023-05-29T11:24:20.224Z [Modules] Streaming discord_voice@1 to /home/me/.config/discord/0.0.27/modules/pending/discord_voice-1.zip: 45%
2023-05-29T11:24:20.231Z [Modules] Streaming discord_voice@1 to /home/me/.config/discord/0.0.27/modules/pending/discord_voice-1.zip: 46%
2023-05-29T11:24:20.239Z [Modules] Streaming discord_voice@1 to /home/me/.config/discord/0.0.27/modules/pending/discord_voice-1.zip: 47%
2023-05-29T11:24:20.246Z [Modules] Streaming discord_voice@1 to /home/me/.config/discord/0.0.27/modules/pending/discord_voice-1.zip: 48%
2023-05-29T11:24:20.255Z [Modules] Streaming discord_voice@1 to /home/me/.config/discord/0.0.27/modules/pending/discord_voice-1.zip: 49%
2023-05-29T11:24:20.268Z [Modules] Streaming discord_voice@1 to /home/me/.config/discord/0.0.27/modules/pending/discord_voice-1.zip: 50%
2023-05-29T11:24:20.277Z [Modules] Streaming discord_voice@1 to /home/me/.config/discord/0.0.27/modules/pending/discord_voice-1.zip: 51%
2023-05-29T11:24:20.288Z [Modules] Streaming discord_voice@1 to /home/me/.config/discord/0.0.27/modules/pending/discord_voice-1.zip: 52%
2023-05-29T11:24:20.298Z [Modules] Streaming discord_voice@1 to /home/me/.config/discord/0.0.27/modules/pending/discord_voice-1.zip: 53%
2023-05-29T11:24:20.307Z [Modules] Streaming discord_voice@1 to /home/me/.config/discord/0.0.27/modules/pending/discord_voice-1.zip: 54%
2023-05-29T11:24:20.313Z [Modules] Streaming discord_voice@1 to /home/me/.config/discord/0.0.27/modules/pending/discord_voice-1.zip: 55%
2023-05-29T11:24:20.322Z [Modules] Streaming discord_voice@1 to /home/me/.config/discord/0.0.27/modules/pending/discord_voice-1.zip: 56%
2023-05-29T11:24:20.329Z [Modules] Streaming discord_voice@1 to /home/me/.config/discord/0.0.27/modules/pending/discord_voice-1.zip: 57%
2023-05-29T11:24:20.337Z [Modules] Streaming discord_voice@1 to /home/me/.config/discord/0.0.27/modules/pending/discord_voice-1.zip: 58%
2023-05-29T11:24:20.348Z [Modules] Streaming discord_voice@1 to /home/me/.config/discord/0.0.27/modules/pending/discord_voice-1.zip: 59%
2023-05-29T11:24:20.354Z [Modules] Streaming discord_voice@1 to /home/me/.config/discord/0.0.27/modules/pending/discord_voice-1.zip: 60%
2023-05-29T11:24:20.363Z [Modules] Streaming discord_voice@1 to /home/me/.config/discord/0.0.27/modules/pending/discord_voice-1.zip: 61%
2023-05-29T11:24:20.369Z [Modules] Streaming discord_voice@1 to /home/me/.config/discord/0.0.27/modules/pending/discord_voice-1.zip: 62%
2023-05-29T11:24:20.376Z [Modules] Streaming discord_voice@1 to /home/me/.config/discord/0.0.27/modules/pending/discord_voice-1.zip: 63%
2023-05-29T11:24:20.385Z [Modules] Streaming discord_voice@1 to /home/me/.config/discord/0.0.27/modules/pending/discord_voice-1.zip: 64%
2023-05-29T11:24:20.393Z [Modules] Streaming discord_voice@1 to /home/me/.config/discord/0.0.27/modules/pending/discord_voice-1.zip: 65%
2023-05-29T11:24:20.401Z [Modules] Streaming discord_voice@1 to /home/me/.config/discord/0.0.27/modules/pending/discord_voice-1.zip: 66%
2023-05-29T11:24:20.424Z [Modules] Streaming discord_voice@1 to /home/me/.config/discord/0.0.27/modules/pending/discord_voice-1.zip: 67%
2023-05-29T11:24:20.435Z [Modules] Streaming discord_voice@1 to /home/me/.config/discord/0.0.27/modules/pending/discord_voice-1.zip: 68%
2023-05-29T11:24:20.447Z [Modules] Streaming discord_voice@1 to /home/me/.config/discord/0.0.27/modules/pending/discord_voice-1.zip: 69%
2023-05-29T11:24:20.452Z [Modules] Streaming discord_voice@1 to /home/me/.config/discord/0.0.27/modules/pending/discord_voice-1.zip: 70%
2023-05-29T11:24:20.458Z [Modules] Streaming discord_voice@1 to /home/me/.config/discord/0.0.27/modules/pending/discord_voice-1.zip: 71%
2023-05-29T11:24:20.470Z [Modules] Streaming discord_voice@1 to /home/me/.config/discord/0.0.27/modules/pending/discord_voice-1.zip: 72%
2023-05-29T11:24:20.475Z [Modules] Streaming discord_voice@1 to /home/me/.config/discord/0.0.27/modules/pending/discord_voice-1.zip: 73%
2023-05-29T11:24:20.488Z [Modules] Streaming discord_voice@1 to /home/me/.config/discord/0.0.27/modules/pending/discord_voice-1.zip: 74%
2023-05-29T11:24:20.497Z [Modules] Streaming discord_voice@1 to /home/me/.config/discord/0.0.27/modules/pending/discord_voice-1.zip: 75%
2023-05-29T11:24:20.504Z [Modules] Streaming discord_voice@1 to /home/me/.config/discord/0.0.27/modules/pending/discord_voice-1.zip: 76%
2023-05-29T11:24:20.510Z [Modules] Streaming discord_voice@1 to /home/me/.config/discord/0.0.27/modules/pending/discord_voice-1.zip: 77%
2023-05-29T11:24:20.519Z [Modules] Streaming discord_voice@1 to /home/me/.config/discord/0.0.27/modules/pending/discord_voice-1.zip: 78%
2023-05-29T11:24:20.529Z [Modules] Streaming discord_voice@1 to /home/me/.config/discord/0.0.27/modules/pending/discord_voice-1.zip: 79%
2023-05-29T11:24:20.536Z [Modules] Streaming discord_voice@1 to /home/me/.config/discord/0.0.27/modules/pending/discord_voice-1.zip: 80%
2023-05-29T11:24:20.543Z [Modules] Streaming discord_voice@1 to /home/me/.config/discord/0.0.27/modules/pending/discord_voice-1.zip: 81%
2023-05-29T11:24:20.549Z [Modules] Streaming discord_voice@1 to /home/me/.config/discord/0.0.27/modules/pending/discord_voice-1.zip: 82%
2023-05-29T11:24:20.557Z [Modules] Streaming discord_voice@1 to /home/me/.config/discord/0.0.27/modules/pending/discord_voice-1.zip: 83%
2023-05-29T11:24:20.568Z [Modules] Streaming discord_voice@1 to /home/me/.config/discord/0.0.27/modules/pending/discord_voice-1.zip: 84%
2023-05-29T11:24:20.577Z [Modules] Streaming discord_voice@1 to /home/me/.config/discord/0.0.27/modules/pending/discord_voice-1.zip: 85%
2023-05-29T11:24:20.584Z [Modules] Streaming discord_voice@1 to /home/me/.config/discord/0.0.27/modules/pending/discord_voice-1.zip: 86%
2023-05-29T11:24:20.591Z [Modules] Streaming discord_voice@1 to /home/me/.config/discord/0.0.27/modules/pending/discord_voice-1.zip: 87%
2023-05-29T11:24:20.599Z [Modules] Streaming discord_voice@1 to /home/me/.config/discord/0.0.27/modules/pending/discord_voice-1.zip: 88%
2023-05-29T11:24:20.606Z [Modules] Streaming discord_voice@1 to /home/me/.config/discord/0.0.27/modules/pending/discord_voice-1.zip: 89%
2023-05-29T11:24:20.612Z [Modules] Streaming discord_voice@1 to /home/me/.config/discord/0.0.27/modules/pending/discord_voice-1.zip: 90%
2023-05-29T11:24:20.633Z [Modules] Streaming discord_voice@1 to /home/me/.config/discord/0.0.27/modules/pending/discord_voice-1.zip: 91%
2023-05-29T11:24:20.642Z [Modules] Streaming discord_voice@1 to /home/me/.config/discord/0.0.27/modules/pending/discord_voice-1.zip: 92%
2023-05-29T11:24:20.650Z [Modules] Streaming discord_voice@1 to /home/me/.config/discord/0.0.27/modules/pending/discord_voice-1.zip: 93%
2023-05-29T11:24:20.661Z [Modules] Streaming discord_voice@1 to /home/me/.config/discord/0.0.27/modules/pending/discord_voice-1.zip: 94%
2023-05-29T11:24:20.668Z [Modules] Streaming discord_voice@1 to /home/me/.config/discord/0.0.27/modules/pending/discord_voice-1.zip: 95%
2023-05-29T11:24:20.681Z [Modules] Streaming discord_voice@1 to /home/me/.config/discord/0.0.27/modules/pending/discord_voice-1.zip: 96%
2023-05-29T11:24:20.691Z [Modules] Streaming discord_voice@1 to /home/me/.config/discord/0.0.27/modules/pending/discord_voice-1.zip: 97%
2023-05-29T11:24:20.704Z [Modules] Streaming discord_voice@1 to /home/me/.config/discord/0.0.27/modules/pending/discord_voice-1.zip: 98%
2023-05-29T11:24:20.711Z [Modules] Streaming discord_voice@1 to /home/me/.config/discord/0.0.27/modules/pending/discord_voice-1.zip: 99%
2023-05-29T11:24:20.719Z [Modules] Streaming discord_voice@1 to /home/me/.config/discord/0.0.27/modules/pending/discord_voice-1.zip: 100%
2023-05-29T11:24:20.720Z [Modules] Finished module downloads. [success: 5] [failure: 0]
2023-05-29T11:24:20.720Z [Modules] Installing updates...
2023-05-29T11:24:20.720Z [Modules] Installing discord_desktop_core@1 from /home/me/.config/discord/0.0.27/modules/pending/discord_desktop_core-1.zip
2023-05-29T11:24:20.787Z [Modules] Installing discord_erlpack@1 from /home/me/.config/discord/0.0.27/modules/pending/discord_erlpack-1.zip
2023-05-29T11:24:20.849Z [Modules] Installing discord_spellcheck@1 from /home/me/.config/discord/0.0.27/modules/pending/discord_spellcheck-1.zip
2023-05-29T11:24:21.482Z [Modules] Installing discord_utils@1 from /home/me/.config/discord/0.0.27/modules/pending/discord_utils-1.zip
2023-05-29T11:24:21.860Z [Modules] Installing discord_voice@1 from /home/me/.config/discord/0.0.27/modules/pending/discord_voice-1.zip
2023-05-29T11:24:27.613Z [Modules] Finished module installations. [success: 5] [failure: 0]
2023-05-29T11:24:27.613Z [Modules] Checking for host updates.
2023-05-29T11:24:27.673Z [Modules] Host is up to date.
2023-05-29T11:24:27.673Z [Modules] Checking for module updates at https://discord.com/api/modules/stable/versions.json
2023-05-29T11:24:27.675Z [Modules] No module updates available.
2023-05-29T11:24:30.375Z [Modules] Starting to install discord_krisp...
2023-05-29T11:24:30.375Z [Modules] Fetching discord_krisp@1 from https://discord.com/api/modules/stable/discord_krisp/1
2023-05-29T11:24:30.376Z [Modules] Streaming discord_krisp@1 to /home/me/.config/discord/0.0.27/modules/pending/discord_krisp-1.zip
2023-05-29T11:24:30.491Z [Modules] Starting to install discord_game_utils...
2023-05-29T11:24:30.505Z [Modules] Streaming discord_krisp@1 to /home/me/.config/discord/0.0.27/modules/pending/discord_krisp-1.zip: 1%
2023-05-29T11:24:30.517Z [Modules] Streaming discord_krisp@1 to /home/me/.config/discord/0.0.27/modules/pending/discord_krisp-1.zip: 2%
2023-05-29T11:24:30.526Z [Modules] Streaming discord_krisp@1 to /home/me/.config/discord/0.0.27/modules/pending/discord_krisp-1.zip: 3%
2023-05-29T11:24:30.539Z [Modules] Streaming discord_krisp@1 to /home/me/.config/discord/0.0.27/modules/pending/discord_krisp-1.zip: 4%
2023-05-29T11:24:30.552Z [Modules] Streaming discord_krisp@1 to /home/me/.config/discord/0.0.27/modules/pending/discord_krisp-1.zip: 5%
2023-05-29T11:24:30.560Z [Modules] Streaming discord_krisp@1 to /home/me/.config/discord/0.0.27/modules/pending/discord_krisp-1.zip: 6%
2023-05-29T11:24:30.594Z [Modules] Streaming discord_krisp@1 to /home/me/.config/discord/0.0.27/modules/pending/discord_krisp-1.zip: 7%
2023-05-29T11:24:30.620Z [Modules] Streaming discord_krisp@1 to /home/me/.config/discord/0.0.27/modules/pending/discord_krisp-1.zip: 8%
2023-05-29T11:24:30.631Z [Modules] Streaming discord_krisp@1 to /home/me/.config/discord/0.0.27/modules/pending/discord_krisp-1.zip: 9%
2023-05-29T11:24:30.643Z [Modules] Streaming discord_krisp@1 to /home/me/.config/discord/0.0.27/modules/pending/discord_krisp-1.zip: 10%
2023-05-29T11:24:30.653Z [Modules] Streaming discord_krisp@1 to /home/me/.config/discord/0.0.27/modules/pending/discord_krisp-1.zip: 11%
2023-05-29T11:24:30.668Z [Modules] Streaming discord_krisp@1 to /home/me/.config/discord/0.0.27/modules/pending/discord_krisp-1.zip: 12%
2023-05-29T11:24:30.673Z [Modules] Streaming discord_krisp@1 to /home/me/.config/discord/0.0.27/modules/pending/discord_krisp-1.zip: 13%
2023-05-29T11:24:30.726Z [Modules] Streaming discord_krisp@1 to /home/me/.config/discord/0.0.27/modules/pending/discord_krisp-1.zip: 17%
2023-05-29T11:24:30.733Z [Modules] Streaming discord_krisp@1 to /home/me/.config/discord/0.0.27/modules/pending/discord_krisp-1.zip: 18%
2023-05-29T11:24:30.884Z [Modules] Streaming discord_krisp@1 to /home/me/.config/discord/0.0.27/modules/pending/discord_krisp-1.zip: 19%
2023-05-29T11:24:30.891Z [Modules] Streaming discord_krisp@1 to /home/me/.config/discord/0.0.27/modules/pending/discord_krisp-1.zip: 20%
2023-05-29T11:24:30.901Z [Modules] Streaming discord_krisp@1 to /home/me/.config/discord/0.0.27/modules/pending/discord_krisp-1.zip: 21%
2023-05-29T11:24:30.913Z [Modules] Streaming discord_krisp@1 to /home/me/.config/discord/0.0.27/modules/pending/discord_krisp-1.zip: 22%
2023-05-29T11:24:30.919Z [Modules] Streaming discord_krisp@1 to /home/me/.config/discord/0.0.27/modules/pending/discord_krisp-1.zip: 24%
2023-05-29T11:24:30.919Z [Modules] Streaming discord_krisp@1 to /home/me/.config/discord/0.0.27/modules/pending/discord_krisp-1.zip: 25%
2023-05-29T11:24:30.920Z [Modules] Streaming discord_krisp@1 to /home/me/.config/discord/0.0.27/modules/pending/discord_krisp-1.zip: 26%
2023-05-29T11:24:30.921Z [Modules] Streaming discord_krisp@1 to /home/me/.config/discord/0.0.27/modules/pending/discord_krisp-1.zip: 27%
2023-05-29T11:24:30.921Z [Modules] Streaming discord_krisp@1 to /home/me/.config/discord/0.0.27/modules/pending/discord_krisp-1.zip: 28%
2023-05-29T11:24:30.936Z [Modules] Streaming discord_krisp@1 to /home/me/.config/discord/0.0.27/modules/pending/discord_krisp-1.zip: 30%
2023-05-29T11:24:30.958Z [Modules] Streaming discord_krisp@1 to /home/me/.config/discord/0.0.27/modules/pending/discord_krisp-1.zip: 31%
2023-05-29T11:24:30.990Z [Modules] Streaming discord_krisp@1 to /home/me/.config/discord/0.0.27/modules/pending/discord_krisp-1.zip: 32%
2023-05-29T11:24:31.010Z [Modules] Streaming discord_krisp@1 to /home/me/.config/discord/0.0.27/modules/pending/discord_krisp-1.zip: 33%
2023-05-29T11:24:31.019Z [Modules] Streaming discord_krisp@1 to /home/me/.config/discord/0.0.27/modules/pending/discord_krisp-1.zip: 34%
2023-05-29T11:24:31.036Z [Modules] Streaming discord_krisp@1 to /home/me/.config/discord/0.0.27/modules/pending/discord_krisp-1.zip: 35%
2023-05-29T11:24:31.057Z [Modules] Streaming discord_krisp@1 to /home/me/.config/discord/0.0.27/modules/pending/discord_krisp-1.zip: 36%
2023-05-29T11:24:31.067Z [Modules] Streaming discord_krisp@1 to /home/me/.config/discord/0.0.27/modules/pending/discord_krisp-1.zip: 37%
2023-05-29T11:24:31.076Z [Modules] Streaming discord_krisp@1 to /home/me/.config/discord/0.0.27/modules/pending/discord_krisp-1.zip: 38%
2023-05-29T11:24:31.089Z [Modules] Streaming discord_krisp@1 to /home/me/.config/discord/0.0.27/modules/pending/discord_krisp-1.zip: 39%
2023-05-29T11:24:31.104Z [Modules] Streaming discord_krisp@1 to /home/me/.config/discord/0.0.27/modules/pending/discord_krisp-1.zip: 40%
2023-05-29T11:24:31.118Z [Modules] Streaming discord_krisp@1 to /home/me/.config/discord/0.0.27/modules/pending/discord_krisp-1.zip: 41%
2023-05-29T11:24:31.131Z [Modules] Streaming discord_krisp@1 to /home/me/.config/discord/0.0.27/modules/pending/discord_krisp-1.zip: 42%
2023-05-29T11:24:31.138Z [Modules] Streaming discord_krisp@1 to /home/me/.config/discord/0.0.27/modules/pending/discord_krisp-1.zip: 43%
2023-05-29T11:24:31.156Z [Modules] Streaming discord_krisp@1 to /home/me/.config/discord/0.0.27/modules/pending/discord_krisp-1.zip: 44%
2023-05-29T11:24:31.169Z [Modules] Streaming discord_krisp@1 to /home/me/.config/discord/0.0.27/modules/pending/discord_krisp-1.zip: 45%
2023-05-29T11:24:31.189Z [Modules] Streaming discord_krisp@1 to /home/me/.config/discord/0.0.27/modules/pending/discord_krisp-1.zip: 46%
2023-05-29T11:24:31.224Z [Modules] Streaming discord_krisp@1 to /home/me/.config/discord/0.0.27/modules/pending/discord_krisp-1.zip: 47%
2023-05-29T11:24:31.246Z [Modules] Streaming discord_krisp@1 to /home/me/.config/discord/0.0.27/modules/pending/discord_krisp-1.zip: 48%
2023-05-29T11:24:31.268Z [Modules] Streaming discord_krisp@1 to /home/me/.config/discord/0.0.27/modules/pending/discord_krisp-1.zip: 49%
2023-05-29T11:24:31.275Z [Modules] Streaming discord_krisp@1 to /home/me/.config/discord/0.0.27/modules/pending/discord_krisp-1.zip: 50%
2023-05-29T11:24:31.285Z [Modules] Streaming discord_krisp@1 to /home/me/.config/discord/0.0.27/modules/pending/discord_krisp-1.zip: 51%
2023-05-29T11:24:31.296Z [Modules] Streaming discord_krisp@1 to /home/me/.config/discord/0.0.27/modules/pending/discord_krisp-1.zip: 52%
2023-05-29T11:24:31.328Z [Modules] Streaming discord_krisp@1 to /home/me/.config/discord/0.0.27/modules/pending/discord_krisp-1.zip: 53%
2023-05-29T11:24:31.335Z [Modules] Streaming discord_krisp@1 to /home/me/.config/discord/0.0.27/modules/pending/discord_krisp-1.zip: 54%
2023-05-29T11:24:31.337Z [Modules] Streaming discord_krisp@1 to /home/me/.config/discord/0.0.27/modules/pending/discord_krisp-1.zip: 55%
2023-05-29T11:24:31.348Z [Modules] Streaming discord_krisp@1 to /home/me/.config/discord/0.0.27/modules/pending/discord_krisp-1.zip: 56%
2023-05-29T11:24:31.358Z [Modules] Streaming discord_krisp@1 to /home/me/.config/discord/0.0.27/modules/pending/discord_krisp-1.zip: 57%
2023-05-29T11:24:31.365Z [Modules] Streaming discord_krisp@1 to /home/me/.config/discord/0.0.27/modules/pending/discord_krisp-1.zip: 58%
2023-05-29T11:24:31.381Z [Modules] Streaming discord_krisp@1 to /home/me/.config/discord/0.0.27/modules/pending/discord_krisp-1.zip: 59%
2023-05-29T11:24:31.393Z [Modules] Streaming discord_krisp@1 to /home/me/.config/discord/0.0.27/modules/pending/discord_krisp-1.zip: 60%
2023-05-29T11:24:31.403Z [Modules] Streaming discord_krisp@1 to /home/me/.config/discord/0.0.27/modules/pending/discord_krisp-1.zip: 61%
2023-05-29T11:24:31.418Z [Modules] Streaming discord_krisp@1 to /home/me/.config/discord/0.0.27/modules/pending/discord_krisp-1.zip: 62%
2023-05-29T11:24:31.429Z [Modules] Streaming discord_krisp@1 to /home/me/.config/discord/0.0.27/modules/pending/discord_krisp-1.zip: 63%
2023-05-29T11:24:31.433Z [Modules] Checking for host updates.
2023-05-29T11:24:31.437Z [Modules] Streaming discord_krisp@1 to /home/me/.config/discord/0.0.27/modules/pending/discord_krisp-1.zip: 64%
2023-05-29T11:24:31.448Z [Modules] Streaming discord_krisp@1 to /home/me/.config/discord/0.0.27/modules/pending/discord_krisp-1.zip: 65%
2023-05-29T11:24:31.460Z [Modules] Streaming discord_krisp@1 to /home/me/.config/discord/0.0.27/modules/pending/discord_krisp-1.zip: 66%
2023-05-29T11:24:31.473Z [Modules] Streaming discord_krisp@1 to /home/me/.config/discord/0.0.27/modules/pending/discord_krisp-1.zip: 67%
2023-05-29T11:24:31.492Z [Modules] Streaming discord_krisp@1 to /home/me/.config/discord/0.0.27/modules/pending/discord_krisp-1.zip: 68%
2023-05-29T11:24:31.495Z [Modules] Streaming discord_krisp@1 to /home/me/.config/discord/0.0.27/modules/pending/discord_krisp-1.zip: 69%
2023-05-29T11:24:31.500Z [Modules] Streaming discord_krisp@1 to /home/me/.config/discord/0.0.27/modules/pending/discord_krisp-1.zip: 70%
2023-05-29T11:24:31.510Z [Modules] Streaming discord_krisp@1 to /home/me/.config/discord/0.0.27/modules/pending/discord_krisp-1.zip: 71%
2023-05-29T11:24:31.521Z [Modules] Streaming discord_krisp@1 to /home/me/.config/discord/0.0.27/modules/pending/discord_krisp-1.zip: 72%
2023-05-29T11:24:31.530Z [Modules] Streaming discord_krisp@1 to /home/me/.config/discord/0.0.27/modules/pending/discord_krisp-1.zip: 73%
2023-05-29T11:24:31.543Z [Modules] Streaming discord_krisp@1 to /home/me/.config/discord/0.0.27/modules/pending/discord_krisp-1.zip: 74%
2023-05-29T11:24:31.552Z [Modules] Streaming discord_krisp@1 to /home/me/.config/discord/0.0.27/modules/pending/discord_krisp-1.zip: 75%
2023-05-29T11:24:31.561Z [Modules] Streaming discord_krisp@1 to /home/me/.config/discord/0.0.27/modules/pending/discord_krisp-1.zip: 76%
2023-05-29T11:24:31.569Z [Modules] Streaming discord_krisp@1 to /home/me/.config/discord/0.0.27/modules/pending/discord_krisp-1.zip: 77%
2023-05-29T11:24:31.579Z [Modules] Host is up to date.
2023-05-29T11:24:31.579Z [Modules] Checking for module updates at https://discord.com/api/modules/stable/versions.json
2023-05-29T11:24:31.582Z [Modules] Streaming discord_krisp@1 to /home/me/.config/discord/0.0.27/modules/pending/discord_krisp-1.zip: 78%
2023-05-29T11:24:31.585Z [Modules] No module updates available.
2023-05-29T11:24:31.592Z [Modules] Streaming discord_krisp@1 to /home/me/.config/discord/0.0.27/modules/pending/discord_krisp-1.zip: 79%
2023-05-29T11:24:31.602Z [Modules] Streaming discord_krisp@1 to /home/me/.config/discord/0.0.27/modules/pending/discord_krisp-1.zip: 80%
2023-05-29T11:24:31.609Z [Modules] Streaming discord_krisp@1 to /home/me/.config/discord/0.0.27/modules/pending/discord_krisp-1.zip: 81%
2023-05-29T11:24:31.674Z [Modules] Starting to install discord_rpc...
2023-05-29T11:24:32.369Z [Modules] Streaming discord_krisp@1 to /home/me/.config/discord/0.0.27/modules/pending/discord_krisp-1.zip: 82%
2023-05-29T11:24:32.785Z [Modules] Streaming discord_krisp@1 to /home/me/.config/discord/0.0.27/modules/pending/discord_krisp-1.zip: 83%
2023-05-29T11:24:33.539Z [Modules] Streaming discord_krisp@1 to /home/me/.config/discord/0.0.27/modules/pending/discord_krisp-1.zip: 84%
2023-05-29T11:24:33.864Z [Modules] Streaming discord_krisp@1 to /home/me/.config/discord/0.0.27/modules/pending/discord_krisp-1.zip: 85%
2023-05-29T11:24:33.875Z [Modules] Streaming discord_krisp@1 to /home/me/.config/discord/0.0.27/modules/pending/discord_krisp-1.zip: 86%
2023-05-29T11:24:33.887Z [Modules] Streaming discord_krisp@1 to /home/me/.config/discord/0.0.27/modules/pending/discord_krisp-1.zip: 87%
2023-05-29T11:24:33.892Z [Modules] Streaming discord_krisp@1 to /home/me/.config/discord/0.0.27/modules/pending/discord_krisp-1.zip: 88%
2023-05-29T11:24:33.902Z [Modules] Streaming discord_krisp@1 to /home/me/.config/discord/0.0.27/modules/pending/discord_krisp-1.zip: 89%
2023-05-29T11:24:33.907Z [Modules] Streaming discord_krisp@1 to /home/me/.config/discord/0.0.27/modules/pending/discord_krisp-1.zip: 90%
2023-05-29T11:24:33.916Z [Modules] Streaming discord_krisp@1 to /home/me/.config/discord/0.0.27/modules/pending/discord_krisp-1.zip: 91%
2023-05-29T11:24:33.918Z [Modules] Streaming discord_krisp@1 to /home/me/.config/discord/0.0.27/modules/pending/discord_krisp-1.zip: 92%
2023-05-29T11:24:33.924Z [Modules] Streaming discord_krisp@1 to /home/me/.config/discord/0.0.27/modules/pending/discord_krisp-1.zip: 93%
2023-05-29T11:24:33.932Z [Modules] Streaming discord_krisp@1 to /home/me/.config/discord/0.0.27/modules/pending/discord_krisp-1.zip: 94%
2023-05-29T11:24:33.934Z [Modules] Streaming discord_krisp@1 to /home/me/.config/discord/0.0.27/modules/pending/discord_krisp-1.zip: 95%
2023-05-29T11:24:33.940Z [Modules] Streaming discord_krisp@1 to /home/me/.config/discord/0.0.27/modules/pending/discord_krisp-1.zip: 96%
2023-05-29T11:24:33.941Z [Modules] Streaming discord_krisp@1 to /home/me/.config/discord/0.0.27/modules/pending/discord_krisp-1.zip: 97%
2023-05-29T11:24:33.941Z [Modules] Streaming discord_krisp@1 to /home/me/.config/discord/0.0.27/modules/pending/discord_krisp-1.zip: 98%
2023-05-29T11:24:33.942Z [Modules] Streaming discord_krisp@1 to /home/me/.config/discord/0.0.27/modules/pending/discord_krisp-1.zip: 99%
2023-05-29T11:24:33.942Z [Modules] Streaming discord_krisp@1 to /home/me/.config/discord/0.0.27/modules/pending/discord_krisp-1.zip: 100%
2023-05-29T11:24:33.943Z [Modules] Fetching discord_game_utils@1 from https://discord.com/api/modules/stable/discord_game_utils/1
2023-05-29T11:24:33.943Z [Modules] Streaming discord_game_utils@1 to /home/me/.config/discord/0.0.27/modules/pending/discord_game_utils-1.zip
2023-05-29T11:24:33.943Z [Modules] Installing discord_krisp@1 from /home/me/.config/discord/0.0.27/modules/pending/discord_krisp-1.zip
2023-05-29T11:24:34.046Z [Modules] Streaming discord_game_utils@1 to /home/me/.config/discord/0.0.27/modules/pending/discord_game_utils-1.zip: 1%
2023-05-29T11:24:34.047Z [Modules] Streaming discord_game_utils@1 to /home/me/.config/discord/0.0.27/modules/pending/discord_game_utils-1.zip: 3%
2023-05-29T11:24:34.050Z [Modules] Streaming discord_game_utils@1 to /home/me/.config/discord/0.0.27/modules/pending/discord_game_utils-1.zip: 6%
2023-05-29T11:24:34.054Z [Modules] Streaming discord_game_utils@1 to /home/me/.config/discord/0.0.27/modules/pending/discord_game_utils-1.zip: 9%
2023-05-29T11:24:34.059Z [Modules] Streaming discord_game_utils@1 to /home/me/.config/discord/0.0.27/modules/pending/discord_game_utils-1.zip: 11%
2023-05-29T11:24:34.060Z [Modules] Streaming discord_game_utils@1 to /home/me/.config/discord/0.0.27/modules/pending/discord_game_utils-1.zip: 13%
2023-05-29T11:24:34.063Z [Modules] Streaming discord_game_utils@1 to /home/me/.config/discord/0.0.27/modules/pending/discord_game_utils-1.zip: 15%
2023-05-29T11:24:34.067Z [Modules] Streaming discord_game_utils@1 to /home/me/.config/discord/0.0.27/modules/pending/discord_game_utils-1.zip: 17%
2023-05-29T11:24:34.067Z [Modules] Streaming discord_game_utils@1 to /home/me/.config/discord/0.0.27/modules/pending/discord_game_utils-1.zip: 19%
2023-05-29T11:24:34.071Z [Modules] Streaming discord_game_utils@1 to /home/me/.config/discord/0.0.27/modules/pending/discord_game_utils-1.zip: 21%
2023-05-29T11:24:34.075Z [Modules] Streaming discord_game_utils@1 to /home/me/.config/discord/0.0.27/modules/pending/discord_game_utils-1.zip: 25%
2023-05-29T11:24:34.076Z [Modules] Streaming discord_game_utils@1 to /home/me/.config/discord/0.0.27/modules/pending/discord_game_utils-1.zip: 26%
2023-05-29T11:24:34.078Z [Modules] Streaming discord_game_utils@1 to /home/me/.config/discord/0.0.27/modules/pending/discord_game_utils-1.zip: 27%
2023-05-29T11:24:34.080Z [Modules] Streaming discord_game_utils@1 to /home/me/.config/discord/0.0.27/modules/pending/discord_game_utils-1.zip: 29%
2023-05-29T11:24:34.081Z [Modules] Streaming discord_game_utils@1 to /home/me/.config/discord/0.0.27/modules/pending/discord_game_utils-1.zip: 31%
2023-05-29T11:24:34.083Z [Modules] Streaming discord_game_utils@1 to /home/me/.config/discord/0.0.27/modules/pending/discord_game_utils-1.zip: 33%
2023-05-29T11:24:34.087Z [Modules] Streaming discord_game_utils@1 to /home/me/.config/discord/0.0.27/modules/pending/discord_game_utils-1.zip: 36%
2023-05-29T11:24:34.088Z [Modules] Streaming discord_game_utils@1 to /home/me/.config/discord/0.0.27/modules/pending/discord_game_utils-1.zip: 37%
2023-05-29T11:24:34.089Z [Modules] Streaming discord_game_utils@1 to /home/me/.config/discord/0.0.27/modules/pending/discord_game_utils-1.zip: 39%
2023-05-29T11:24:34.095Z [Modules] Streaming discord_game_utils@1 to /home/me/.config/discord/0.0.27/modules/pending/discord_game_utils-1.zip: 42%
2023-05-29T11:24:34.095Z [Modules] Streaming discord_game_utils@1 to /home/me/.config/discord/0.0.27/modules/pending/discord_game_utils-1.zip: 43%
2023-05-29T11:24:34.098Z [Modules] Streaming discord_game_utils@1 to /home/me/.config/discord/0.0.27/modules/pending/discord_game_utils-1.zip: 44%
2023-05-29T11:24:34.100Z [Modules] Streaming discord_game_utils@1 to /home/me/.config/discord/0.0.27/modules/pending/discord_game_utils-1.zip: 47%
2023-05-29T11:24:34.101Z [Modules] Streaming discord_game_utils@1 to /home/me/.config/discord/0.0.27/modules/pending/discord_game_utils-1.zip: 48%
2023-05-29T11:24:34.102Z [Modules] Streaming discord_game_utils@1 to /home/me/.config/discord/0.0.27/modules/pending/discord_game_utils-1.zip: 50%
2023-05-29T11:24:34.106Z [Modules] Streaming discord_game_utils@1 to /home/me/.config/discord/0.0.27/modules/pending/discord_game_utils-1.zip: 52%
2023-05-29T11:24:34.111Z [Modules] Streaming discord_game_utils@1 to /home/me/.config/discord/0.0.27/modules/pending/discord_game_utils-1.zip: 54%
2023-05-29T11:24:34.116Z [Modules] Streaming discord_game_utils@1 to /home/me/.config/discord/0.0.27/modules/pending/discord_game_utils-1.zip: 57%
2023-05-29T11:24:34.116Z [Modules] Streaming discord_game_utils@1 to /home/me/.config/discord/0.0.27/modules/pending/discord_game_utils-1.zip: 58%
2023-05-29T11:24:34.118Z [Modules] Streaming discord_game_utils@1 to /home/me/.config/discord/0.0.27/modules/pending/discord_game_utils-1.zip: 60%
2023-05-29T11:24:34.123Z [Modules] Streaming discord_game_utils@1 to /home/me/.config/discord/0.0.27/modules/pending/discord_game_utils-1.zip: 62%
2023-05-29T11:24:34.123Z [Modules] Streaming discord_game_utils@1 to /home/me/.config/discord/0.0.27/modules/pending/discord_game_utils-1.zip: 63%
2023-05-29T11:24:34.130Z [Modules] Streaming discord_game_utils@1 to /home/me/.config/discord/0.0.27/modules/pending/discord_game_utils-1.zip: 66%
2023-05-29T11:24:34.130Z [Modules] Streaming discord_game_utils@1 to /home/me/.config/discord/0.0.27/modules/pending/discord_game_utils-1.zip: 67%
2023-05-29T11:24:34.133Z [Modules] Streaming discord_game_utils@1 to /home/me/.config/discord/0.0.27/modules/pending/discord_game_utils-1.zip: 68%
2023-05-29T11:24:34.136Z [Modules] Streaming discord_game_utils@1 to /home/me/.config/discord/0.0.27/modules/pending/discord_game_utils-1.zip: 69%
2023-05-29T11:24:34.138Z [Modules] Streaming discord_game_utils@1 to /home/me/.config/discord/0.0.27/modules/pending/discord_game_utils-1.zip: 71%
2023-05-29T11:24:34.140Z [Modules] Streaming discord_game_utils@1 to /home/me/.config/discord/0.0.27/modules/pending/discord_game_utils-1.zip: 72%
2023-05-29T11:24:34.141Z [Modules] Streaming discord_game_utils@1 to /home/me/.config/discord/0.0.27/modules/pending/discord_game_utils-1.zip: 73%
2023-05-29T11:24:34.143Z [Modules] Streaming discord_game_utils@1 to /home/me/.config/discord/0.0.27/modules/pending/discord_game_utils-1.zip: 76%
2023-05-29T11:24:34.147Z [Modules] Streaming discord_game_utils@1 to /home/me/.config/discord/0.0.27/modules/pending/discord_game_utils-1.zip: 77%
2023-05-29T11:24:34.156Z [Modules] Streaming discord_game_utils@1 to /home/me/.config/discord/0.0.27/modules/pending/discord_game_utils-1.zip: 80%
2023-05-29T11:24:34.182Z [Modules] Streaming discord_game_utils@1 to /home/me/.config/discord/0.0.27/modules/pending/discord_game_utils-1.zip: 83%
2023-05-29T11:24:34.193Z [Modules] Streaming discord_game_utils@1 to /home/me/.config/discord/0.0.27/modules/pending/discord_game_utils-1.zip: 84%
2023-05-29T11:24:34.193Z [Modules] Streaming discord_game_utils@1 to /home/me/.config/discord/0.0.27/modules/pending/discord_game_utils-1.zip: 86%
2023-05-29T11:24:34.202Z [Modules] Streaming discord_game_utils@1 to /home/me/.config/discord/0.0.27/modules/pending/discord_game_utils-1.zip: 89%
2023-05-29T11:24:34.210Z [Modules] Streaming discord_game_utils@1 to /home/me/.config/discord/0.0.27/modules/pending/discord_game_utils-1.zip: 92%
2023-05-29T11:24:34.219Z [Modules] Streaming discord_game_utils@1 to /home/me/.config/discord/0.0.27/modules/pending/discord_game_utils-1.zip: 94%
2023-05-29T11:24:34.231Z [Modules] Streaming discord_game_utils@1 to /home/me/.config/discord/0.0.27/modules/pending/discord_game_utils-1.zip: 97%
2023-05-29T11:24:34.238Z [Modules] Streaming discord_game_utils@1 to /home/me/.config/discord/0.0.27/modules/pending/discord_game_utils-1.zip: 100%
2023-05-29T11:24:34.239Z [Modules] Fetching discord_rpc@1 from https://discord.com/api/modules/stable/discord_rpc/1
2023-05-29T11:24:34.239Z [Modules] Streaming discord_rpc@1 to /home/me/.config/discord/0.0.27/modules/pending/discord_rpc-1.zip
2023-05-29T11:24:34.340Z [Modules] Streaming discord_rpc@1 to /home/me/.config/discord/0.0.27/modules/pending/discord_rpc-1.zip: 100%
2023-05-29T11:24:34.340Z [Modules] Finished module downloads. [success: 3] [failure: 0]
2023-05-29T11:24:34.443Z [Modules] Installing discord_game_utils@1 from /home/me/.config/discord/0.0.27/modules/pending/discord_game_utils-1.zip
2023-05-29T11:24:34.582Z [Modules] Installing discord_rpc@1 from /home/me/.config/discord/0.0.27/modules/pending/discord_rpc-1.zip
2023-05-29T11:24:34.625Z [Modules] Finished module installations. [success: 3] [failure: 0]
2023-05-29T19:43:25.819Z [Modules] Modules initializing
2023-05-29T19:43:25.820Z [Modules] Distribution: remote
2023-05-29T19:43:25.820Z [Modules] Host updates: enabled
2023-05-29T19:43:25.820Z [Modules] Module updates: enabled
2023-05-29T19:43:25.821Z [Modules] Module install path: /home/me/.config/discord/0.0.27/modules
2023-05-29T19:43:25.821Z [Modules] Module installed file path: /home/me/.config/discord/0.0.27/modules/installed.json
2023-05-29T19:43:25.822Z [Modules] Module download path: /home/me/.config/discord/0.0.27/modules/pending
2023-05-29T19:43:26.172Z [Modules] No updates to install
2023-05-29T19:43:26.172Z [Modules] Checking for host updates.
2023-05-29T19:43:26.367Z [Modules] Host is up to date.
2023-05-29T19:43:26.368Z [Modules] Checking for module updates at https://discord.com/api/modules/stable/versions.json
2023-05-29T19:43:26.409Z [Modules] No module updates available.
2023-05-29T19:43:30.462Z [Modules] Checking for host updates.
2023-05-29T19:43:30.516Z [Modules] Host is up to date.
2023-05-29T19:43:30.516Z [Modules] Checking for module updates at https://discord.com/api/modules/stable/versions.json
2023-05-29T19:43:30.518Z [Modules] No module updates available.
2023-05-31T00:25:09.795Z [Modules] Modules initializing
2023-05-31T00:25:09.795Z [Modules] Distribution: remote
2023-05-31T00:25:09.796Z [Modules] Host updates: enabled
2023-05-31T00:25:09.796Z [Modules] Module updates: enabled
2023-05-31T00:25:09.796Z [Modules] Module install path: /home/me/.config/discord/0.0.27/modules
2023-05-31T00:25:09.796Z [Modules] Module installed file path: /home/me/.config/discord/0.0.27/modules/installed.json
2023-05-31T00:25:09.796Z [Modules] Module download path: /home/me/.config/discord/0.0.27/modules/pending
2023-05-31T00:25:10.111Z [Modules] No updates to install
2023-05-31T00:25:10.111Z [Modules] Checking for host updates.
2023-05-31T00:25:10.316Z [Modules] Host is up to date.
2023-05-31T00:25:10.316Z [Modules] Checking for module updates at https://discord.com/api/modules/stable/versions.json
2023-05-31T00:25:10.384Z [Modules] No module updates available.
2023-05-31T00:25:13.058Z [Modules] Checking for host updates.
2023-05-31T00:25:13.125Z [Modules] Host is up to date.
2023-05-31T00:25:13.125Z [Modules] Checking for module updates at https://discord.com/api/modules/stable/versions.json
2023-05-31T00:25:13.127Z [Modules] No module updates available.
2023-05-31T01:25:13.067Z [Modules] Checking for host updates.
2023-05-31T01:25:13.170Z [Modules] Host is up to date.
2023-05-31T01:25:13.170Z [Modules] Checking for module updates at https://discord.com/api/modules/stable/versions.json
2023-05-31T01:25:13.227Z [Modules] No module updates available.
2023-05-31T02:25:13.064Z [Modules] Checking for host updates.
2023-05-31T02:25:13.148Z [Modules] Host is up to date.
2023-05-31T02:25:13.149Z [Modules] Checking for module updates at https://discord.com/api/modules/stable/versions.json
2023-05-31T02:25:13.186Z [Modules] No module updates available.
2023-05-31T03:25:13.060Z [Modules] Checking for host updates.
2023-05-31T03:25:13.126Z [Modules] Host is up to date.
2023-05-31T03:25:13.126Z [Modules] Checking for module updates at https://discord.com/api/modules/stable/versions.json
2023-05-31T03:25:13.159Z [Modules] No module updates available.
2023-05-31T04:25:13.063Z [Modules] Checking for host updates.
2023-05-31T04:25:13.140Z [Modules] Host is up to date.
2023-05-31T04:25:13.140Z [Modules] Checking for module updates at https://discord.com/api/modules/stable/versions.json
2023-05-31T04:25:13.177Z [Modules] No module updates available.
